<?xml version="1.0" encoding="UTF-8"?>
<!DOCTYPE coverage SYSTEM "http://cobertura.sourceforge.net/xml/coverage-04.dtd">
<coverage line-rate="0.040948275" branch-rate="0" version="" timestamp="1759226434201" lines-covered="19" lines-valid="464" branches-covered="0" branches-valid="0" complexity="0">
  <sources>
    <source>/home/runner/work/git-synchronizer/git-synchronizer</source>
  </sources>
  <packages>
    <package name="github.com/insightsengineering/git-synchronizer/cmd" line-rate="0.04121475" branch-rate="0" complexity="0">
      <classes>
        <class name="-" filename="cmd/mirror.go" line-rate="0.04464286" branch-rate="0" complexity="0">
          <methods>
            <method name="SetRepositoryAuth" signature="" line-rate="1" branch-rate="0" complexity="0">
              <lines>
                <line number="47" hits="1"></line>
                <line number="48" hits="1"></line>
                <line number="49" hits="1"></line>
                <line number="50" hits="1"></line>
                <line number="51" hits="1"></line>
                <line number="52" hits="1"></line>
                <line number="53" hits="1"></line>
                <line number="55" hits="1"></line>
                <line number="56" hits="1"></line>
                <line number="57" hits="1"></line>
                <line number="58" hits="1"></line>
                <line number="59" hits="1"></line>
                <line number="62" hits="1"></line>
                <line number="63" hits="1"></line>
                <line number="64" hits="1"></line>
              </lines>
            </method>
            <method name="ValidateRepositories" signature="" line-rate="0" branch-rate="0" complexity="0">
              <lines>
                <line number="68" hits="0"></line>
                <line number="69" hits="0"></line>
                <line number="70" hits="0"></line>
                <line number="71" hits="0"></line>
                <line number="72" hits="0"></line>
                <line number="73" hits="0"></line>
                <line number="74" hits="0"></line>
                <line number="75" hits="0"></line>
                <line number="76" hits="0"></line>
                <line number="77" hits="0"></line>
                <line number="78" hits="0"></line>
                <line number="79" hits="0"></line>
                <line number="80" hits="0"></line>
                <line number="81" hits="0"></line>
                <line number="82" hits="0"></line>
                <line number="83" hits="0"></line>
                <line number="84" hits="0"></line>
                <line number="85" hits="0"></line>
                <line number="86" hits="0"></line>
                <line number="87" hits="0"></line>
              </lines>
            </method>
            <method name="ListRemote" signature="" line-rate="0" branch-rate="0" complexity="0">
              <lines>
                <line number="91" hits="0"></line>
                <line number="92" hits="0"></line>
                <line number="93" hits="0"></line>
                <line number="94" hits="0"></line>
                <line number="95" hits="0"></line>
                <line number="96" hits="0"></line>
                <line number="97" hits="0"></line>
                <line number="98" hits="0"></line>
              </lines>
            </method>
            <method name="GetBranchesAndTagsFromRemote" signature="" line-rate="0" branch-rate="0" complexity="0">
              <lines>
                <line number="102" hits="0"></line>
                <line number="103" hits="0"></line>
                <line number="104" hits="0"></line>
                <line number="105" hits="0"></line>
                <line number="106" hits="0"></line>
                <line number="107" hits="0"></line>
                <line number="108" hits="0"></line>
                <line number="109" hits="0"></line>
                <line number="110" hits="0"></line>
                <line number="112" hits="0"></line>
                <line number="113" hits="0"></line>
                <line number="114" hits="0"></line>
                <line number="115" hits="0"></line>
                <line number="118" hits="0"></line>
                <line number="119" hits="0"></line>
                <line number="120" hits="0"></line>
                <line number="122" hits="0"></line>
                <line number="123" hits="0"></line>
                <line number="124" hits="0"></line>
                <line number="125" hits="0"></line>
                <line number="126" hits="0"></line>
                <line number="127" hits="0"></line>
                <line number="128" hits="0"></line>
                <line number="129" hits="0"></line>
                <line number="130" hits="0"></line>
                <line number="132" hits="0"></line>
                <line number="133" hits="0"></line>
                <line number="134" hits="0"></line>
              </lines>
            </method>
            <method name="ProcessError" signature="" line-rate="0" branch-rate="0" complexity="0">
              <lines>
                <line number="138" hits="0"></line>
                <line number="139" hits="0"></line>
                <line number="140" hits="0"></line>
                <line number="141" hits="0"></line>
                <line number="142" hits="0"></line>
                <line number="143" hits="0"></line>
                <line number="144" hits="0"></line>
                <line number="145" hits="0"></line>
                <line number="146" hits="0"></line>
              </lines>
            </method>
            <method name="GetCloneOptions" signature="" line-rate="0" branch-rate="0" complexity="0">
              <lines>
                <line number="150" hits="0"></line>
                <line number="151" hits="0"></line>
                <line number="152" hits="0"></line>
                <line number="153" hits="0"></line>
                <line number="154" hits="0"></line>
                <line number="155" hits="0"></line>
                <line number="156" hits="0"></line>
                <line number="157" hits="0"></line>
                <line number="158" hits="0"></line>
                <line number="159" hits="0"></line>
                <line number="160" hits="0"></line>
                <line number="161" hits="0"></line>
                <line number="162" hits="0"></line>
                <line number="163" hits="0"></line>
                <line number="164" hits="0"></line>
                <line number="165" hits="0"></line>
                <line number="166" hits="0"></line>
                <line number="167" hits="0"></line>
                <line number="168" hits="0"></line>
              </lines>
            </method>
            <method name="GetListOptions" signature="" line-rate="0" branch-rate="0" complexity="0">
              <lines>
                <line number="172" hits="0"></line>
                <line number="173" hits="0"></line>
                <line number="174" hits="0"></line>
                <line number="175" hits="0"></line>
                <line number="176" hits="0"></line>
                <line number="177" hits="0"></line>
                <line number="178" hits="0"></line>
                <line number="179" hits="0"></line>
                <line number="180" hits="0"></line>
                <line number="181" hits="0"></line>
                <line number="182" hits="0"></line>
                <line number="183" hits="0"></line>
                <line number="184" hits="0"></line>
                <line number="185" hits="0"></line>
                <line number="186" hits="0"></line>
                <line number="187" hits="0"></line>
                <line number="188" hits="0"></line>
                <line number="189" hits="0"></line>
              </lines>
            </method>
            <method name="GetFetchOptions" signature="" line-rate="0" branch-rate="0" complexity="0">
              <lines>
                <line number="193" hits="0"></line>
                <line number="194" hits="0"></line>
                <line number="195" hits="0"></line>
                <line number="196" hits="0"></line>
                <line number="197" hits="0"></line>
                <line number="198" hits="0"></line>
                <line number="199" hits="0"></line>
                <line number="200" hits="0"></line>
                <line number="201" hits="0"></line>
                <line number="202" hits="0"></line>
                <line number="203" hits="0"></line>
                <line number="204" hits="0"></line>
                <line number="205" hits="0"></line>
                <line number="206" hits="0"></line>
                <line number="207" hits="0"></line>
                <line number="208" hits="0"></line>
                <line number="209" hits="0"></line>
                <line number="210" hits="0"></line>
                <line number="211" hits="0"></line>
                <line number="212" hits="0"></line>
                <line number="213" hits="0"></line>
              </lines>
            </method>
            <method name="GetDestinationAuth" signature="" line-rate="0" branch-rate="0" complexity="0">
              <lines>
                <line number="217" hits="0"></line>
                <line number="218" hits="0"></line>
                <line number="219" hits="0"></line>
                <line number="220" hits="0"></line>
                <line number="221" hits="0"></line>
                <line number="222" hits="0"></line>
                <line number="223" hits="0"></line>
                <line number="224" hits="0"></line>
                <line number="225" hits="0"></line>
                <line number="226" hits="0"></line>
                <line number="227" hits="0"></line>
                <line number="228" hits="0"></line>
              </lines>
            </method>
            <method name="GitPlainClone" signature="" line-rate="0" branch-rate="0" complexity="0">
              <lines>
                <line number="232" hits="0"></line>
                <line number="233" hits="0"></line>
                <line number="234" hits="0"></line>
                <line number="235" hits="0"></line>
                <line number="236" hits="0"></line>
                <line number="237" hits="0"></line>
                <line number="238" hits="0"></line>
                <line number="239" hits="0"></line>
                <line number="240" hits="0"></line>
              </lines>
            </method>
            <method name="GitFetchBranches" signature="" line-rate="0" branch-rate="0" complexity="0">
              <lines>
                <line number="244" hits="0"></line>
                <line number="245" hits="0"></line>
                <line number="246" hits="0"></line>
                <line number="247" hits="0"></line>
                <line number="248" hits="0"></line>
                <line number="249" hits="0"></line>
                <line number="250" hits="0"></line>
                <line number="251" hits="0"></line>
                <line number="252" hits="0"></line>
                <line number="253" hits="0"></line>
                <line number="254" hits="0"></line>
                <line number="255" hits="0"></line>
                <line number="256" hits="0"></line>
                <line number="257" hits="0"></line>
                <line number="258" hits="0"></line>
                <line number="259" hits="0"></line>
                <line number="260" hits="0"></line>
              </lines>
            </method>
            <method name="PushRefs" signature="" line-rate="0" branch-rate="0" complexity="0">
              <lines>
                <line number="265" hits="0"></line>
                <line number="266" hits="0"></line>
                <line number="267" hits="0"></line>
                <line number="268" hits="0"></line>
                <line number="269" hits="0"></line>
                <line number="270" hits="0"></line>
                <line number="271" hits="0"></line>
                <line number="272" hits="0"></line>
                <line number="273" hits="0"></line>
                <line number="274" hits="0"></line>
                <line number="275" hits="0"></line>
                <line number="276" hits="0"></line>
                <line number="277" hits="0"></line>
              </lines>
            </method>
            <method name="MirrorRepository" signature="" line-rate="0" branch-rate="0" complexity="0">
              <lines>
                <line number="282" hits="0"></line>
                <line number="283" hits="0"></line>
                <line number="284" hits="0"></line>
                <line number="285" hits="0"></line>
                <line number="286" hits="0"></line>
                <line number="287" hits="0"></line>
                <line number="288" hits="0"></line>
                <line number="289" hits="0"></line>
                <line number="290" hits="0"></line>
                <line number="291" hits="0"></line>
                <line number="292" hits="0"></line>
                <line number="293" hits="0"></line>
                <line number="294" hits="0"></line>
                <line number="297" hits="0"></line>
                <line number="298" hits="0"></line>
                <line number="299" hits="0"></line>
                <line number="300" hits="0"></line>
                <line number="301" hits="0"></line>
                <line number="303" hits="0"></line>
                <line number="304" hits="0"></line>
                <line number="305" hits="0"></line>
                <line number="306" hits="0"></line>
                <line number="307" hits="0"></line>
                <line number="308" hits="0"></line>
                <line number="309" hits="0"></line>
                <line number="310" hits="0"></line>
                <line number="311" hits="0"></line>
                <line number="312" hits="0"></line>
                <line number="313" hits="0"></line>
                <line number="314" hits="0"></line>
                <line number="315" hits="0"></line>
                <line number="316" hits="0"></line>
                <line number="317" hits="0"></line>
                <line number="318" hits="0"></line>
                <line number="319" hits="0"></line>
                <line number="321" hits="0"></line>
                <line number="322" hits="0"></line>
                <line number="323" hits="0"></line>
                <line number="324" hits="0"></line>
                <line number="327" hits="0"></line>
                <line number="328" hits="0"></line>
                <line number="329" hits="0"></line>
                <line number="330" hits="0"></line>
                <line number="331" hits="0"></line>
                <line number="333" hits="0"></line>
                <line number="334" hits="0"></line>
                <line number="335" hits="0"></line>
                <line number="336" hits="0"></line>
                <line number="337" hits="0"></line>
                <line number="338" hits="0"></line>
                <line number="339" hits="0"></line>
                <line number="340" hits="0"></line>
                <line number="341" hits="0"></line>
                <line number="342" hits="0"></line>
                <line number="343" hits="0"></line>
                <line number="344" hits="0"></line>
                <line number="346" hits="0"></line>
                <line number="347" hits="0"></line>
                <line number="348" hits="0"></line>
                <line number="349" hits="0"></line>
                <line number="350" hits="0"></line>
                <line number="351" hits="0"></line>
                <line number="352" hits="0"></line>
                <line number="353" hits="0"></line>
                <line number="354" hits="0"></line>
                <line number="355" hits="0"></line>
                <line number="356" hits="0"></line>
                <line number="357" hits="0"></line>
                <line number="358" hits="0"></line>
                <line number="359" hits="0"></line>
                <line number="360" hits="0"></line>
                <line number="361" hits="0"></line>
                <line number="362" hits="0"></line>
                <line number="363" hits="0"></line>
                <line number="366" hits="0"></line>
                <line number="370" hits="0"></line>
                <line number="371" hits="0"></line>
                <line number="372" hits="0"></line>
                <line number="373" hits="0"></line>
                <line number="374" hits="0"></line>
                <line number="375" hits="0"></line>
                <line number="376" hits="0"></line>
                <line number="379" hits="0"></line>
                <line number="383" hits="0"></line>
                <line number="384" hits="0"></line>
                <line number="385" hits="0"></line>
                <line number="386" hits="0"></line>
                <line number="387" hits="0"></line>
                <line number="388" hits="0"></line>
                <line number="389" hits="0"></line>
                <line number="392" hits="0"></line>
                <line number="393" hits="0"></line>
                <line number="394" hits="0"></line>
                <line number="395" hits="0"></line>
                <line number="396" hits="0"></line>
                <line number="397" hits="0"></line>
                <line number="398" hits="0"></line>
                <line number="399" hits="0"></line>
                <line number="400" hits="0"></line>
                <line number="401" hits="0"></line>
                <line number="404" hits="0"></line>
                <line number="407" hits="0"></line>
                <line number="408" hits="0"></line>
              </lines>
            </method>
            <method name="MirrorRepositories" signature="" line-rate="0" branch-rate="0" complexity="0">
              <lines>
                <line number="413" hits="0"></line>
                <line number="414" hits="0"></line>
                <line number="415" hits="0"></line>
                <line number="416" hits="0"></line>
                <line number="417" hits="0"></line>
                <line number="418" hits="0"></line>
                <line number="419" hits="0"></line>
                <line number="420" hits="0"></line>
                <line number="421" hits="0"></line>
                <line number="422" hits="0"></line>
                <line number="423" hits="0"></line>
                <line number="424" hits="0"></line>
                <line number="425" hits="0"></line>
                <line number="426" hits="0"></line>
                <line number="427" hits="0"></line>
                <line number="428" hits="0"></line>
                <line number="429" hits="0"></line>
                <line number="430" hits="0"></line>
                <line number="431" hits="0"></line>
                <line number="432" hits="0"></line>
                <line number="433" hits="0"></line>
                <line number="434" hits="0"></line>
                <line number="435" hits="0"></line>
                <line number="436" hits="0"></line>
                <line number="437" hits="0"></line>
                <line number="438" hits="0"></line>
                <line number="439" hits="0"></line>
                <line number="440" hits="0"></line>
                <line number="441" hits="0"></line>
                <line number="443" hits="0"></line>
                <line number="444" hits="0"></line>
                <line number="447" hits="0"></line>
                <line number="448" hits="0"></line>
                <line number="449" hits="0"></line>
                <line number="450" hits="0"></line>
                <line number="451" hits="0"></line>
                <line number="452" hits="0"></line>
                <line number="453" hits="0"></line>
                <line number="454" hits="0"></line>
                <line number="455" hits="0"></line>
                <line number="456" hits="0"></line>
                <line number="457" hits="0"></line>
                <line number="458" hits="0"></line>
                <line number="459" hits="0"></line>
              </lines>
            </method>
          </methods>
          <lines>
            <line number="47" hits="1"></line>
            <line number="48" hits="1"></line>
            <line number="49" hits="1"></line>
            <line number="50" hits="1"></line>
            <line number="51" hits="1"></line>
            <line number="52" hits="1"></line>
            <line number="53" hits="1"></line>
            <line number="55" hits="1"></line>
            <line number="56" hits="1"></line>
            <line number="57" hits="1"></line>
            <line number="58" hits="1"></line>
            <line number="59" hits="1"></line>
            <line number="62" hits="1"></line>
            <line number="63" hits="1"></line>
            <line number="64" hits="1"></line>
            <line number="68" hits="0"></line>
            <line number="69" hits="0"></line>
            <line number="70" hits="0"></line>
            <line number="71" hits="0"></line>
            <line number="72" hits="0"></line>
            <line number="73" hits="0"></line>
            <line number="74" hits="0"></line>
            <line number="75" hits="0"></line>
            <line number="76" hits="0"></line>
            <line number="77" hits="0"></line>
            <line number="78" hits="0"></line>
            <line number="79" hits="0"></line>
            <line number="80" hits="0"></line>
            <line number="81" hits="0"></line>
            <line number="82" hits="0"></line>
            <line number="83" hits="0"></line>
            <line number="84" hits="0"></line>
            <line number="85" hits="0"></line>
            <line number="86" hits="0"></line>
            <line number="87" hits="0"></line>
            <line number="91" hits="0"></line>
            <line number="92" hits="0"></line>
            <line number="93" hits="0"></line>
            <line number="94" hits="0"></line>
            <line number="95" hits="0"></line>
            <line number="96" hits="0"></line>
            <line number="97" hits="0"></line>
            <line number="98" hits="0"></line>
            <line number="102" hits="0"></line>
            <line number="103" hits="0"></line>
            <line number="104" hits="0"></line>
            <line number="105" hits="0"></line>
            <line number="106" hits="0"></line>
            <line number="107" hits="0"></line>
            <line number="108" hits="0"></line>
            <line number="109" hits="0"></line>
            <line number="110" hits="0"></line>
            <line number="112" hits="0"></line>
            <line number="113" hits="0"></line>
            <line number="114" hits="0"></line>
            <line number="115" hits="0"></line>
            <line number="118" hits="0"></line>
            <line number="119" hits="0"></line>
            <line number="120" hits="0"></line>
            <line number="122" hits="0"></line>
            <line number="123" hits="0"></line>
            <line number="124" hits="0"></line>
            <line number="125" hits="0"></line>
            <line number="126" hits="0"></line>
            <line number="127" hits="0"></line>
            <line number="128" hits="0"></line>
            <line number="129" hits="0"></line>
            <line number="130" hits="0"></line>
            <line number="132" hits="0"></line>
            <line number="133" hits="0"></line>
            <line number="134" hits="0"></line>
            <line number="138" hits="0"></line>
            <line number="139" hits="0"></line>
            <line number="140" hits="0"></line>
            <line number="141" hits="0"></line>
            <line number="142" hits="0"></line>
            <line number="143" hits="0"></line>
            <line number="144" hits="0"></line>
            <line number="145" hits="0"></line>
            <line number="146" hits="0"></line>
            <line number="150" hits="0"></line>
            <line number="151" hits="0"></line>
            <line number="152" hits="0"></line>
            <line number="153" hits="0"></line>
            <line number="154" hits="0"></line>
            <line number="155" hits="0"></line>
            <line number="156" hits="0"></line>
            <line number="157" hits="0"></line>
            <line number="158" hits="0"></line>
            <line number="159" hits="0"></line>
            <line number="160" hits="0"></line>
            <line number="161" hits="0"></line>
            <line number="162" hits="0"></line>
            <line number="163" hits="0"></line>
            <line number="164" hits="0"></line>
            <line number="165" hits="0"></line>
            <line number="166" hits="0"></line>
            <line number="167" hits="0"></line>
            <line number="168" hits="0"></line>
            <line number="172" hits="0"></line>
            <line number="173" hits="0"></line>
            <line number="174" hits="0"></line>
            <line number="175" hits="0"></line>
            <line number="176" hits="0"></line>
            <line number="177" hits="0"></line>
            <line number="178" hits="0"></line>
            <line number="179" hits="0"></line>
            <line number="180" hits="0"></line>
            <line number="181" hits="0"></line>
            <line number="182" hits="0"></line>
            <line number="183" hits="0"></line>
            <line number="184" hits="0"></line>
            <line number="185" hits="0"></line>
            <line number="186" hits="0"></line>
            <line number="187" hits="0"></line>
            <line number="188" hits="0"></line>
            <line number="189" hits="0"></line>
            <line number="193" hits="0"></line>
            <line number="194" hits="0"></line>
            <line number="195" hits="0"></line>
            <line number="196" hits="0"></line>
            <line number="197" hits="0"></line>
            <line number="198" hits="0"></line>
            <line number="199" hits="0"></line>
            <line number="200" hits="0"></line>
            <line number="201" hits="0"></line>
            <line number="202" hits="0"></line>
            <line number="203" hits="0"></line>
            <line number="204" hits="0"></line>
            <line number="205" hits="0"></line>
            <line number="206" hits="0"></line>
            <line number="207" hits="0"></line>
            <line number="208" hits="0"></line>
            <line number="209" hits="0"></line>
            <line number="210" hits="0"></line>
            <line number="211" hits="0"></line>
            <line number="212" hits="0"></line>
            <line number="213" hits="0"></line>
            <line number="217" hits="0"></line>
            <line number="218" hits="0"></line>
            <line number="219" hits="0"></line>
            <line number="220" hits="0"></line>
            <line number="221" hits="0"></line>
            <line number="222" hits="0"></line>
            <line number="223" hits="0"></line>
            <line number="224" hits="0"></line>
            <line number="225" hits="0"></line>
            <line number="226" hits="0"></line>
            <line number="227" hits="0"></line>
            <line number="228" hits="0"></line>
            <line number="232" hits="0"></line>
            <line number="233" hits="0"></line>
            <line number="234" hits="0"></line>
            <line number="235" hits="0"></line>
            <line number="236" hits="0"></line>
            <line number="237" hits="0"></line>
            <line number="238" hits="0"></line>
            <line number="239" hits="0"></line>
            <line number="240" hits="0"></line>
            <line number="244" hits="0"></line>
            <line number="245" hits="0"></line>
            <line number="246" hits="0"></line>
            <line number="247" hits="0"></line>
            <line number="248" hits="0"></line>
            <line number="249" hits="0"></line>
            <line number="250" hits="0"></line>
            <line number="251" hits="0"></line>
            <line number="252" hits="0"></line>
            <line number="253" hits="0"></line>
            <line number="254" hits="0"></line>
            <line number="255" hits="0"></line>
            <line number="256" hits="0"></line>
            <line number="257" hits="0"></line>
            <line number="258" hits="0"></line>
            <line number="259" hits="0"></line>
            <line number="260" hits="0"></line>
            <line number="265" hits="0"></line>
            <line number="266" hits="0"></line>
            <line number="267" hits="0"></line>
            <line number="268" hits="0"></line>
            <line number="269" hits="0"></line>
            <line number="270" hits="0"></line>
            <line number="271" hits="0"></line>
            <line number="272" hits="0"></line>
            <line number="273" hits="0"></line>
            <line number="274" hits="0"></line>
            <line number="275" hits="0"></line>
            <line number="276" hits="0"></line>
            <line number="277" hits="0"></line>
            <line number="282" hits="0"></line>
            <line number="283" hits="0"></line>
            <line number="284" hits="0"></line>
            <line number="285" hits="0"></line>
            <line number="286" hits="0"></line>
            <line number="287" hits="0"></line>
            <line number="288" hits="0"></line>
            <line number="289" hits="0"></line>
            <line number="290" hits="0"></line>
            <line number="291" hits="0"></line>
            <line number="292" hits="0"></line>
            <line number="293" hits="0"></line>
            <line number="294" hits="0"></line>
            <line number="297" hits="0"></line>
            <line number="298" hits="0"></line>
            <line number="299" hits="0"></line>
            <line number="300" hits="0"></line>
            <line number="301" hits="0"></line>
            <line number="303" hits="0"></line>
            <line number="304" hits="0"></line>
            <line number="305" hits="0"></line>
            <line number="306" hits="0"></line>
            <line number="307" hits="0"></line>
            <line number="308" hits="0"></line>
            <line number="309" hits="0"></line>
            <line number="310" hits="0"></line>
            <line number="311" hits="0"></line>
            <line number="312" hits="0"></line>
            <line number="313" hits="0"></line>
            <line number="314" hits="0"></line>
            <line number="315" hits="0"></line>
            <line number="316" hits="0"></line>
            <line number="317" hits="0"></line>
            <line number="318" hits="0"></line>
            <line number="319" hits="0"></line>
            <line number="321" hits="0"></line>
            <line number="322" hits="0"></line>
            <line number="323" hits="0"></line>
            <line number="324" hits="0"></line>
            <line number="327" hits="0"></line>
            <line number="328" hits="0"></line>
            <line number="329" hits="0"></line>
            <line number="330" hits="0"></line>
            <line number="331" hits="0"></line>
            <line number="333" hits="0"></line>
            <line number="334" hits="0"></line>
            <line number="335" hits="0"></line>
            <line number="336" hits="0"></line>
            <line number="337" hits="0"></line>
            <line number="338" hits="0"></line>
            <line number="339" hits="0"></line>
            <line number="340" hits="0"></line>
            <line number="341" hits="0"></line>
            <line number="342" hits="0"></line>
            <line number="343" hits="0"></line>
            <line number="344" hits="0"></line>
            <line number="346" hits="0"></line>
            <line number="347" hits="0"></line>
            <line number="348" hits="0"></line>
            <line number="349" hits="0"></line>
            <line number="350" hits="0"></line>
            <line number="351" hits="0"></line>
            <line number="352" hits="0"></line>
            <line number="353" hits="0"></line>
            <line number="354" hits="0"></line>
            <line number="355" hits="0"></line>
            <line number="356" hits="0"></line>
            <line number="357" hits="0"></line>
            <line number="358" hits="0"></line>
            <line number="359" hits="0"></line>
            <line number="360" hits="0"></line>
            <line number="361" hits="0"></line>
            <line number="362" hits="0"></line>
            <line number="363" hits="0"></line>
            <line number="366" hits="0"></line>
            <line number="370" hits="0"></line>
            <line number="371" hits="0"></line>
            <line number="372" hits="0"></line>
            <line number="373" hits="0"></line>
            <line number="374" hits="0"></line>
            <line number="375" hits="0"></line>
            <line number="376" hits="0"></line>
            <line number="379" hits="0"></line>
            <line number="383" hits="0"></line>
            <line number="384" hits="0"></line>
            <line number="385" hits="0"></line>
            <line number="386" hits="0"></line>
            <line number="387" hits="0"></line>
            <line number="388" hits="0"></line>
            <line number="389" hits="0"></line>
            <line number="392" hits="0"></line>
            <line number="393" hits="0"></line>
            <line number="394" hits="0"></line>
            <line number="395" hits="0"></line>
            <line number="396" hits="0"></line>
            <line number="397" hits="0"></line>
            <line number="398" hits="0"></line>
            <line number="399" hits="0"></line>
            <line number="400" hits="0"></line>
            <line number="401" hits="0"></line>
            <line number="404" hits="0"></line>
            <line number="407" hits="0"></line>
            <line number="408" hits="0"></line>
            <line number="413" hits="0"></line>
            <line number="414" hits="0"></line>
            <line number="415" hits="0"></line>
            <line number="416" hits="0"></line>
            <line number="417" hits="0"></line>
            <line number="418" hits="0"></line>
            <line number="419" hits="0"></line>
            <line number="420" hits="0"></line>
            <line number="421" hits="0"></line>
            <line number="422" hits="0"></line>
            <line number="423" hits="0"></line>
            <line number="424" hits="0"></line>
            <line number="425" hits="0"></line>
            <line number="426" hits="0"></line>
            <line number="427" hits="0"></line>
            <line number="428" hits="0"></line>
            <line number="429" hits="0"></line>
            <line number="430" hits="0"></line>
            <line number="431" hits="0"></line>
            <line number="432" hits="0"></line>
            <line number="433" hits="0"></line>
            <line number="434" hits="0"></line>
            <line number="435" hits="0"></line>
            <line number="436" hits="0"></line>
            <line number="437" hits="0"></line>
            <line number="438" hits="0"></line>
            <line number="439" hits="0"></line>
            <line number="440" hits="0"></line>
            <line number="441" hits="0"></line>
            <line number="443" hits="0"></line>
            <line number="444" hits="0"></line>
            <line number="447" hits="0"></line>
            <line number="448" hits="0"></line>
            <line number="449" hits="0"></line>
            <line number="450" hits="0"></line>
            <line number="451" hits="0"></line>
            <line number="452" hits="0"></line>
            <line number="453" hits="0"></line>
            <line number="454" hits="0"></line>
            <line number="455" hits="0"></line>
            <line number="456" hits="0"></line>
            <line number="457" hits="0"></line>
            <line number="458" hits="0"></line>
            <line number="459" hits="0"></line>
          </lines>
        </class>
        <class name="-" filename="cmd/root.go" line-rate="0.026086956" branch-rate="0" complexity="0">
          <methods>
            <method name="setLogLevel" signature="" line-rate="0" branch-rate="0" complexity="0">
              <lines>
                <line number="58" hits="0"></line>
                <line number="59" hits="0"></line>
                <line number="60" hits="0"></line>
                <line number="61" hits="0"></line>
                <line number="62" hits="0"></line>
                <line number="63" hits="0"></line>
                <line number="64" hits="0"></line>
                <line number="65" hits="0"></line>
                <line number="66" hits="0"></line>
                <line number="67" hits="0"></line>
                <line number="68" hits="0"></line>
                <line number="69" hits="0"></line>
                <line number="70" hits="0"></line>
                <line number="71" hits="0"></line>
                <line number="72" hits="0"></line>
                <line number="73" hits="0"></line>
                <line number="74" hits="0"></line>
                <line number="75" hits="0"></line>
                <line number="76" hits="0"></line>
                <line number="77" hits="0"></line>
                <line number="78" hits="0"></line>
              </lines>
            </method>
            <method name="newRootCommand" signature="" line-rate="0" branch-rate="0" complexity="0">
              <lines>
                <line number="84" hits="0"></line>
                <line number="85" hits="0"></line>
                <line number="86" hits="0"></line>
                <line number="87" hits="0"></line>
                <line number="88" hits="0"></line>
                <line number="89" hits="0"></line>
                <line number="90" hits="0"></line>
                <line number="91" hits="0"></line>
                <line number="92" hits="0"></line>
                <line number="93" hits="0"></line>
                <line number="94" hits="0"></line>
                <line number="95" hits="0"></line>
                <line number="96" hits="0"></line>
                <line number="97" hits="0"></line>
                <line number="98" hits="0"></line>
                <line number="99" hits="0"></line>
                <line number="100" hits="0"></line>
                <line number="101" hits="0"></line>
                <line number="102" hits="0"></line>
                <line number="103" hits="0"></line>
                <line number="104" hits="0"></line>
                <line number="105" hits="0"></line>
                <line number="106" hits="0"></line>
                <line number="107" hits="0"></line>
                <line number="109" hits="0"></line>
                <line number="110" hits="0"></line>
                <line number="111" hits="0"></line>
                <line number="112" hits="0"></line>
                <line number="113" hits="0"></line>
                <line number="114" hits="0"></line>
                <line number="115" hits="0"></line>
                <line number="118" hits="0"></line>
                <line number="119" hits="0"></line>
                <line number="120" hits="0"></line>
                <line number="121" hits="0"></line>
                <line number="122" hits="0"></line>
                <line number="123" hits="0"></line>
                <line number="124" hits="0"></line>
                <line number="125" hits="0"></line>
                <line number="126" hits="0"></line>
                <line number="127" hits="0"></line>
                <line number="128" hits="0"></line>
                <line number="129" hits="0"></line>
                <line number="130" hits="0"></line>
                <line number="131" hits="0"></line>
                <line number="132" hits="0"></line>
              </lines>
            </method>
            <method name="init" signature="" line-rate="1" branch-rate="0" complexity="0">
              <lines>
                <line number="135" hits="1"></line>
                <line number="136" hits="1"></line>
                <line number="137" hits="1"></line>
              </lines>
            </method>
            <method name="initConfig" signature="" line-rate="0" branch-rate="0" complexity="0">
              <lines>
                <line number="139" hits="0"></line>
                <line number="140" hits="0"></line>
                <line number="141" hits="0"></line>
                <line number="142" hits="0"></line>
                <line number="143" hits="0"></line>
                <line number="144" hits="0"></line>
                <line number="145" hits="0"></line>
                <line number="146" hits="0"></line>
                <line number="147" hits="0"></line>
                <line number="148" hits="0"></line>
                <line number="149" hits="0"></line>
                <line number="150" hits="0"></line>
                <line number="151" hits="0"></line>
                <line number="152" hits="0"></line>
                <line number="154" hits="0"></line>
                <line number="155" hits="0"></line>
                <line number="156" hits="0"></line>
                <line number="157" hits="0"></line>
                <line number="158" hits="0"></line>
                <line number="159" hits="0"></line>
                <line number="160" hits="0"></line>
                <line number="161" hits="0"></line>
              </lines>
            </method>
            <method name="Execute" signature="" line-rate="0" branch-rate="0" complexity="0">
              <lines>
                <line number="164" hits="0"></line>
                <line number="165" hits="0"></line>
                <line number="166" hits="0"></line>
                <line number="167" hits="0"></line>
                <line number="168" hits="0"></line>
              </lines>
            </method>
            <method name="initializeConfig" signature="" line-rate="0" branch-rate="0" complexity="0">
              <lines>
                <line number="171" hits="0"></line>
                <line number="172" hits="0"></line>
                <line number="173" hits="0"></line>
                <line number="174" hits="0"></line>
                <line number="175" hits="0"></line>
                <line number="176" hits="0"></line>
                <line number="177" hits="0"></line>
                <line number="178" hits="0"></line>
                <line number="179" hits="0"></line>
                <line number="180" hits="0"></line>
                <line number="181" hits="0"></line>
                <line number="182" hits="0"></line>
                <line number="183" hits="0"></line>
                <line number="187" hits="0"></line>
                <line number="188" hits="0"></line>
                <line number="189" hits="0"></line>
                <line number="190" hits="0"></line>
                <line number="191" hits="0"></line>
              </lines>
            </method>
          </methods>
          <lines>
            <line number="58" hits="0"></line>
            <line number="59" hits="0"></line>
            <line number="60" hits="0"></line>
            <line number="61" hits="0"></line>
            <line number="62" hits="0"></line>
            <line number="63" hits="0"></line>
            <line number="64" hits="0"></line>
            <line number="65" hits="0"></line>
            <line number="66" hits="0"></line>
            <line number="67" hits="0"></line>
            <line number="68" hits="0"></line>
            <line number="69" hits="0"></line>
            <line number="70" hits="0"></line>
            <line number="71" hits="0"></line>
            <line number="72" hits="0"></line>
            <line number="73" hits="0"></line>
            <line number="74" hits="0"></line>
            <line number="75" hits="0"></line>
            <line number="76" hits="0"></line>
            <line number="77" hits="0"></line>
            <line number="78" hits="0"></line>
            <line number="84" hits="0"></line>
            <line number="85" hits="0"></line>
            <line number="86" hits="0"></line>
            <line number="87" hits="0"></line>
            <line number="88" hits="0"></line>
            <line number="89" hits="0"></line>
            <line number="90" hits="0"></line>
            <line number="91" hits="0"></line>
            <line number="92" hits="0"></line>
            <line number="93" hits="0"></line>
            <line number="94" hits="0"></line>
            <line number="95" hits="0"></line>
            <line number="96" hits="0"></line>
            <line number="97" hits="0"></line>
            <line number="98" hits="0"></line>
            <line number="99" hits="0"></line>
            <line number="100" hits="0"></line>
            <line number="101" hits="0"></line>
            <line number="102" hits="0"></line>
            <line number="103" hits="0"></line>
            <line number="104" hits="0"></line>
            <line number="105" hits="0"></line>
            <line number="106" hits="0"></line>
            <line number="107" hits="0"></line>
            <line number="109" hits="0"></line>
            <line number="110" hits="0"></line>
            <line number="111" hits="0"></line>
            <line number="112" hits="0"></line>
            <line number="113" hits="0"></line>
            <line number="114" hits="0"></line>
            <line number="115" hits="0"></line>
            <line number="118" hits="0"></line>
            <line number="119" hits="0"></line>
            <line number="120" hits="0"></line>
            <line number="121" hits="0"></line>
            <line number="122" hits="0"></line>
            <line number="123" hits="0"></line>
            <line number="124" hits="0"></line>
            <line number="125" hits="0"></line>
            <line number="126" hits="0"></line>
            <line number="127" hits="0"></line>
            <line number="128" hits="0"></line>
            <line number="129" hits="0"></line>
            <line number="130" hits="0"></line>
            <line number="131" hits="0"></line>
            <line number="132" hits="0"></line>
            <line number="135" hits="1"></line>
            <line number="136" hits="1"></line>
            <line number="137" hits="1"></line>
            <line number="139" hits="0"></line>
            <line number="140" hits="0"></line>
            <line number="141" hits="0"></line>
            <line number="142" hits="0"></line>
            <line number="143" hits="0"></line>
            <line number="144" hits="0"></line>
            <line number="145" hits="0"></line>
            <line number="146" hits="0"></line>
            <line number="147" hits="0"></line>
            <line number="148" hits="0"></line>
            <line number="149" hits="0"></line>
            <line number="150" hits="0"></line>
            <line number="151" hits="0"></line>
            <line number="152" hits="0"></line>
            <line number="154" hits="0"></line>
            <line number="155" hits="0"></line>
            <line number="156" hits="0"></line>
            <line number="157" hits="0"></line>
            <line number="158" hits="0"></line>
            <line number="159" hits="0"></line>
            <line number="160" hits="0"></line>
            <line number="161" hits="0"></line>
            <line number="164" hits="0"></line>
            <line number="165" hits="0"></line>
            <line number="166" hits="0"></line>
            <line number="167" hits="0"></line>
            <line number="168" hits="0"></line>
            <line number="171" hits="0"></line>
            <line number="172" hits="0"></line>
            <line number="173" hits="0"></line>
            <line number="174" hits="0"></line>
            <line number="175" hits="0"></line>
            <line number="176" hits="0"></line>
            <line number="177" hits="0"></line>
            <line number="178" hits="0"></line>
            <line number="179" hits="0"></line>
            <line number="180" hits="0"></line>
            <line number="181" hits="0"></line>
            <line number="182" hits="0"></line>
            <line number="183" hits="0"></line>
            <line number="187" hits="0"></line>
            <line number="188" hits="0"></line>
            <line number="189" hits="0"></line>
            <line number="190" hits="0"></line>
            <line number="191" hits="0"></line>
          </lines>
        </class>
        <class name="-" filename="cmd/utils.go" line-rate="0.1" branch-rate="0" complexity="0">
          <methods>
            <method name="checkError" signature="" line-rate="0.25" branch-rate="0" complexity="0">
              <lines>
                <line number="22" hits="1"></line>
                <line number="23" hits="0"></line>
                <line number="24" hits="0"></line>
                <line number="25" hits="0"></line>
              </lines>
            </method>
            <method name="stringInSlice" signature="" line-rate="0" branch-rate="0" complexity="0">
              <lines>
                <line number="28" hits="0"></line>
                <line number="29" hits="0"></line>
                <line number="30" hits="0"></line>
                <line number="31" hits="0"></line>
                <line number="32" hits="0"></line>
                <line number="34" hits="0"></line>
              </lines>
            </method>
          </methods>
          <lines>
            <line number="22" hits="1"></line>
            <line number="23" hits="0"></line>
            <line number="24" hits="0"></line>
            <line number="25" hits="0"></line>
            <line number="28" hits="0"></line>
            <line number="29" hits="0"></line>
            <line number="30" hits="0"></line>
            <line number="31" hits="0"></line>
            <line number="32" hits="0"></line>
            <line number="34" hits="0"></line>
          </lines>
        </class>
      </classes>
    </package>
    <package name="github.com/insightsengineering/git-synchronizer" line-rate="0" branch-rate="0" complexity="0">
      <classes>
        <class name="-" filename="main.go" line-rate="0" branch-rate="0" complexity="0">
          <methods>
            <method name="main" signature="" line-rate="0" branch-rate="0" complexity="0">
              <lines>
                <line number="5" hits="0"></line>
                <line number="6" hits="0"></line>
                <line number="7" hits="0"></line>
              </lines>
            </method>
          </methods>
          <lines>
            <line number="5" hits="0"></line>
            <line number="6" hits="0"></line>
            <line number="7" hits="0"></line>
          </lines>
        </class>
      </classes>
    </package>
  </packages>
</coverage>
